  stdafx.cpp
  Error.cpp
  Server.cpp
C:\Users\AntonB\Desktop\Lab8-10\Server\Server.cpp(1): warning C4603: _WINSOCK_DEPRECATED_NO_WARNINGS: макрос не определен или определение изменилось после использования предкомпилированного заголовка
C:\Users\AntonB\Desktop\Lab8-10\Server\Server.cpp(1): message : Добавление макроопределения в предкомпилированный заголовок вместо определения его здесь
C:\Users\AntonB\Desktop\Lab8-10\Server\Server.cpp(4): message : использование предварительно скомпилированного заголовка
C:\Users\AntonB\Desktop\Lab8-10\Server\Server.cpp(2): warning C4603: _CRT_SECURE_NO_WARNINGS: макрос не определен или определение изменилось после использования предкомпилированного заголовка
C:\Users\AntonB\Desktop\Lab8-10\Server\Server.cpp(2): message : Добавление макроопределения в предкомпилированный заголовок вместо определения его здесь
C:\Users\AntonB\Desktop\Lab8-10\Server\Server.cpp(4): message : использование предварительно скомпилированного заголовка
C:\Users\AntonB\Desktop\Lab8-10\Server\Server.cpp(70,3): error C4996: 'strcpy': This function or variable may be unsafe. Consider using strcpy_s instead. To disable deprecation, use _CRT_SECURE_NO_WARNINGS. See online help for details.
C:\Users\AntonB\Desktop\Lab8-10\Server\Server.cpp(77,3): error C4996: 'strcpy': This function or variable may be unsafe. Consider using strcpy_s instead. To disable deprecation, use _CRT_SECURE_NO_WARNINGS. See online help for details.
C:\Users\AntonB\Desktop\Lab8-10\Server\Server.cpp(251,1): warning C4477: "sprintf": в строке форматирования "%d" требуется аргумент типа "int", но вариативный аргумент "4" имеет тип "unsigned __int64"
C:\Users\AntonB\Desktop\Lab8-10\Server\Server.cpp(251,1): message : рекомендуется использовать "%zd" в строке форматирования
C:\Users\AntonB\Desktop\Lab8-10\Server\Server.cpp(259,61): warning C4267: аргумент: преобразование из "size_t" в "DWORD"; возможна потеря данных
C:\Users\AntonB\Desktop\Lab8-10\Server\Server.cpp(234,3): error C4996: 'sprintf': This function or variable may be unsafe. Consider using sprintf_s instead. To disable deprecation, use _CRT_SECURE_NO_WARNINGS. See online help for details.
C:\Users\AntonB\Desktop\Lab8-10\Server\Server.cpp(250,6): error C4996: 'sprintf': This function or variable may be unsafe. Consider using sprintf_s instead. To disable deprecation, use _CRT_SECURE_NO_WARNINGS. See online help for details.
C:\Users\AntonB\Desktop\Lab8-10\Server\Server.cpp(292,32): warning C4267: =: преобразование из "size_t" в "int"; возможна потеря данных
C:\Users\AntonB\Desktop\Lab8-10\Server\Server.cpp(311,57): warning C4267: аргумент: преобразование из "size_t" в "int"; возможна потеря данных
C:\Users\AntonB\Desktop\Lab8-10\Server\Server.cpp(346,10): warning C4267: аргумент: преобразование из "size_t" в "int"; возможна потеря данных
C:\Users\AntonB\Desktop\Lab8-10\Server\Server.cpp(354,11): warning C4267: аргумент: преобразование из "size_t" в "int"; возможна потеря данных
C:\Users\AntonB\Desktop\Lab8-10\Server\Server.cpp(340,6): error C4996: 'strcpy': This function or variable may be unsafe. Consider using strcpy_s instead. To disable deprecation, use _CRT_SECURE_NO_WARNINGS. See online help for details.
C:\Users\AntonB\Desktop\Lab8-10\Server\Server.cpp(444,100): error C4996: 'inet_ntoa': Use inet_ntop() or InetNtop() instead or define _WINSOCK_DEPRECATED_NO_WARNINGS to disable deprecated API warnings
C:\Users\AntonB\Desktop\Lab8-10\Server\Server.cpp(469,3): error C4996: 'strcpy': This function or variable may be unsafe. Consider using strcpy_s instead. To disable deprecation, use _CRT_SECURE_NO_WARNINGS. See online help for details.
C:\Users\AntonB\Desktop\Lab8-10\Server\Server.cpp(473,3): error C4996: 'strcpy': This function or variable may be unsafe. Consider using strcpy_s instead. To disable deprecation, use _CRT_SECURE_NO_WARNINGS. See online help for details.
C:\Users\AntonB\Desktop\Lab8-10\Server\Server.cpp(474,3): error C4996: 'strcpy': This function or variable may be unsafe. Consider using strcpy_s instead. To disable deprecation, use _CRT_SECURE_NO_WARNINGS. See online help for details.
C:\Users\AntonB\Desktop\Lab8-10\Server\Server.cpp(478,3): error C4996: 'strcpy': This function or variable may be unsafe. Consider using strcpy_s instead. To disable deprecation, use _CRT_SECURE_NO_WARNINGS. See online help for details.
C:\Users\AntonB\Desktop\Lab8-10\Server\Server.cpp(479,3): error C4996: 'strcpy': This function or variable may be unsafe. Consider using strcpy_s instead. To disable deprecation, use _CRT_SECURE_NO_WARNINGS. See online help for details.
  Создание кода...
